<?xml version="1.0" encoding="UTF-8"?>
<!-- Generated by org.testng.reporters.JUnitXMLReporter -->
<testsuite ignored="0" hostname="DESKTOP-I91AM2E" failures="0" tests="8" name="Default test" time="85.258" errors="0" timestamp="2025-05-08T13:33:17 GMT+06:00">
  <testcase classname="execution.FinalTestExecution" name="loginFunctionality" time="0.376"/>
  <testcase classname="execution.FinalTestExecution" name="loginNegative" time="2.723"/>
  <testcase classname="execution.FinalTestExecution" name="AddToCart" time="13.03"/>
  <testcase classname="execution.FinalTestExecution" name="CheckOut" time="7.27"/>
  <testcase classname="execution.FinalTestExecution" name="Sorting_Products" time="19.395"/>
  <testcase classname="execution.FinalTestExecution" name="LogoutFunctionalityTest" time="8.657"/>
  <testcase classname="execution.FinalTestExecution" name="LockedOutUserValidation" time="2.37"/>
  <testcase classname="execution.FinalTestExecution" name="CartBadgeCountValidation" time="6.796"/>
</testsuite> <!-- Default test -->
