<?xml version="1.0" encoding="UTF-8"?>
<testng-results ignored="0" total="8" passed="8" failed="0" skipped="0">
  <reporter-output>
  </reporter-output>
  <suite started-at="2025-05-08T13:31:52 GMT+06:00" name="Default suite" finished-at="2025-05-08T13:33:17 GMT+06:00" duration-ms="85258">
    <groups>
    </groups>
    <test started-at="2025-05-08T13:31:52 GMT+06:00" name="Default test" finished-at="2025-05-08T13:33:17 GMT+06:00" duration-ms="85258">
      <class name="execution.FinalTestExecution">
        <test-method is-config="true" signature="setupTest()[pri:0, instance:execution.FinalTestExecution@5f9edf14]" started-at="2025-05-08T13:31:52 GMT+06:00" name="setupTest" finished-at="2025-05-08T13:31:56 GMT+06:00" duration-ms="3504" status="PASS">
          <reporter-output>
          </reporter-output>
        </test-method> <!-- setupTest -->
        <test-method signature="loginFunctionality()[pri:1, instance:execution.FinalTestExecution@5f9edf14]" started-at="2025-05-08T13:31:56 GMT+06:00" name="loginFunctionality" finished-at="2025-05-08T13:31:56 GMT+06:00" duration-ms="376" status="PASS">
          <reporter-output>
          </reporter-output>
        </test-method> <!-- loginFunctionality -->
        <test-method is-config="true" signature="closeBrowser()[pri:0, instance:execution.FinalTestExecution@5f9edf14]" started-at="2025-05-08T13:31:56 GMT+06:00" name="closeBrowser" finished-at="2025-05-08T13:31:56 GMT+06:00" duration-ms="188" status="PASS">
          <reporter-output>
          </reporter-output>
        </test-method> <!-- closeBrowser -->
        <test-method is-config="true" signature="setupTest()[pri:0, instance:execution.FinalTestExecution@5f9edf14]" started-at="2025-05-08T13:31:56 GMT+06:00" name="setupTest" finished-at="2025-05-08T13:31:59 GMT+06:00" duration-ms="3143" status="PASS">
          <reporter-output>
          </reporter-output>
        </test-method> <!-- setupTest -->
        <test-method signature="loginNegative()[pri:2, instance:execution.FinalTestExecution@5f9edf14]" started-at="2025-05-08T13:31:59 GMT+06:00" name="loginNegative" finished-at="2025-05-08T13:32:02 GMT+06:00" duration-ms="2723" status="PASS">
          <reporter-output>
          </reporter-output>
        </test-method> <!-- loginNegative -->
        <test-method is-config="true" signature="closeBrowser()[pri:0, instance:execution.FinalTestExecution@5f9edf14]" started-at="2025-05-08T13:32:02 GMT+06:00" name="closeBrowser" finished-at="2025-05-08T13:32:02 GMT+06:00" duration-ms="172" status="PASS">
          <reporter-output>
          </reporter-output>
        </test-method> <!-- closeBrowser -->
        <test-method is-config="true" signature="setupTest()[pri:0, instance:execution.FinalTestExecution@5f9edf14]" started-at="2025-05-08T13:32:02 GMT+06:00" name="setupTest" finished-at="2025-05-08T13:32:05 GMT+06:00" duration-ms="2708" status="PASS">
          <reporter-output>
          </reporter-output>
        </test-method> <!-- setupTest -->
        <test-method signature="AddToCart()[pri:3, instance:execution.FinalTestExecution@5f9edf14]" started-at="2025-05-08T13:32:05 GMT+06:00" name="AddToCart" finished-at="2025-05-08T13:32:18 GMT+06:00" duration-ms="13030" status="PASS">
          <reporter-output>
          </reporter-output>
        </test-method> <!-- AddToCart -->
        <test-method is-config="true" signature="closeBrowser()[pri:0, instance:execution.FinalTestExecution@5f9edf14]" started-at="2025-05-08T13:32:18 GMT+06:00" name="closeBrowser" finished-at="2025-05-08T13:32:18 GMT+06:00" duration-ms="206" status="PASS">
          <reporter-output>
          </reporter-output>
        </test-method> <!-- closeBrowser -->
        <test-method is-config="true" signature="setupTest()[pri:0, instance:execution.FinalTestExecution@5f9edf14]" started-at="2025-05-08T13:32:18 GMT+06:00" name="setupTest" finished-at="2025-05-08T13:32:21 GMT+06:00" duration-ms="2904" status="PASS">
          <reporter-output>
          </reporter-output>
        </test-method> <!-- setupTest -->
        <test-method signature="CheckOut()[pri:4, instance:execution.FinalTestExecution@5f9edf14]" started-at="2025-05-08T13:32:21 GMT+06:00" name="CheckOut" finished-at="2025-05-08T13:32:28 GMT+06:00" duration-ms="7270" status="PASS">
          <reporter-output>
          </reporter-output>
        </test-method> <!-- CheckOut -->
        <test-method is-config="true" signature="closeBrowser()[pri:0, instance:execution.FinalTestExecution@5f9edf14]" started-at="2025-05-08T13:32:28 GMT+06:00" name="closeBrowser" finished-at="2025-05-08T13:32:29 GMT+06:00" duration-ms="215" status="PASS">
          <reporter-output>
          </reporter-output>
        </test-method> <!-- closeBrowser -->
        <test-method is-config="true" signature="setupTest()[pri:0, instance:execution.FinalTestExecution@5f9edf14]" started-at="2025-05-08T13:32:29 GMT+06:00" name="setupTest" finished-at="2025-05-08T13:32:31 GMT+06:00" duration-ms="2623" status="PASS">
          <reporter-output>
          </reporter-output>
        </test-method> <!-- setupTest -->
        <test-method signature="Sorting_Products()[pri:5, instance:execution.FinalTestExecution@5f9edf14]" started-at="2025-05-08T13:32:31 GMT+06:00" name="Sorting_Products" finished-at="2025-05-08T13:32:51 GMT+06:00" duration-ms="19395" status="PASS">
          <reporter-output>
          </reporter-output>
        </test-method> <!-- Sorting_Products -->
        <test-method is-config="true" signature="closeBrowser()[pri:0, instance:execution.FinalTestExecution@5f9edf14]" started-at="2025-05-08T13:32:51 GMT+06:00" name="closeBrowser" finished-at="2025-05-08T13:32:51 GMT+06:00" duration-ms="205" status="PASS">
          <reporter-output>
          </reporter-output>
        </test-method> <!-- closeBrowser -->
        <test-method is-config="true" signature="setupTest()[pri:0, instance:execution.FinalTestExecution@5f9edf14]" started-at="2025-05-08T13:32:51 GMT+06:00" name="setupTest" finished-at="2025-05-08T13:32:54 GMT+06:00" duration-ms="2710" status="PASS">
          <reporter-output>
          </reporter-output>
        </test-method> <!-- setupTest -->
        <test-method signature="LogoutFunctionalityTest()[pri:6, instance:execution.FinalTestExecution@5f9edf14]" started-at="2025-05-08T13:32:54 GMT+06:00" name="LogoutFunctionalityTest" finished-at="2025-05-08T13:33:02 GMT+06:00" duration-ms="8657" status="PASS">
          <reporter-output>
          </reporter-output>
        </test-method> <!-- LogoutFunctionalityTest -->
        <test-method is-config="true" signature="closeBrowser()[pri:0, instance:execution.FinalTestExecution@5f9edf14]" started-at="2025-05-08T13:33:02 GMT+06:00" name="closeBrowser" finished-at="2025-05-08T13:33:02 GMT+06:00" duration-ms="206" status="PASS">
          <reporter-output>
          </reporter-output>
        </test-method> <!-- closeBrowser -->
        <test-method is-config="true" signature="setupTest()[pri:0, instance:execution.FinalTestExecution@5f9edf14]" started-at="2025-05-08T13:33:02 GMT+06:00" name="setupTest" finished-at="2025-05-08T13:33:05 GMT+06:00" duration-ms="2614" status="PASS">
          <reporter-output>
          </reporter-output>
        </test-method> <!-- setupTest -->
        <test-method signature="LockedOutUserValidation()[pri:7, instance:execution.FinalTestExecution@5f9edf14]" started-at="2025-05-08T13:33:05 GMT+06:00" name="LockedOutUserValidation" finished-at="2025-05-08T13:33:07 GMT+06:00" duration-ms="2370" status="PASS">
          <reporter-output>
          </reporter-output>
        </test-method> <!-- LockedOutUserValidation -->
        <test-method is-config="true" signature="closeBrowser()[pri:0, instance:execution.FinalTestExecution@5f9edf14]" started-at="2025-05-08T13:33:07 GMT+06:00" name="closeBrowser" finished-at="2025-05-08T13:33:08 GMT+06:00" duration-ms="167" status="PASS">
          <reporter-output>
          </reporter-output>
        </test-method> <!-- closeBrowser -->
        <test-method is-config="true" signature="setupTest()[pri:0, instance:execution.FinalTestExecution@5f9edf14]" started-at="2025-05-08T13:33:08 GMT+06:00" name="setupTest" finished-at="2025-05-08T13:33:10 GMT+06:00" duration-ms="2683" status="PASS">
          <reporter-output>
          </reporter-output>
        </test-method> <!-- setupTest -->
        <test-method signature="CartBadgeCountValidation()[pri:8, instance:execution.FinalTestExecution@5f9edf14]" started-at="2025-05-08T13:33:10 GMT+06:00" name="CartBadgeCountValidation" finished-at="2025-05-08T13:33:17 GMT+06:00" duration-ms="6796" status="PASS">
          <reporter-output>
          </reporter-output>
        </test-method> <!-- CartBadgeCountValidation -->
        <test-method is-config="true" signature="closeBrowser()[pri:0, instance:execution.FinalTestExecution@5f9edf14]" started-at="2025-05-08T13:33:17 GMT+06:00" name="closeBrowser" finished-at="2025-05-08T13:33:17 GMT+06:00" duration-ms="163" status="PASS">
          <reporter-output>
          </reporter-output>
        </test-method> <!-- closeBrowser -->
      </class> <!-- execution.FinalTestExecution -->
    </test> <!-- Default test -->
  </suite> <!-- Default suite -->
</testng-results>
